<?xml version="1.0" encoding="UTF-8"?>
<!-- Generated by org.testng.reporters.JUnitReportReporter -->
<testsuite hostname="MNCTVN05589" name="testcases.Test_Login" tests="2" failures="0" timestamp="18 Jun 2020 10:32:46 GMT" time="49.352" errors="0">
  <testcase name="login_alert_popup" time="24.999" classname="testcases.Test_Login"/>
  <testcase name="login_alert_popup" time="24.353" classname="testcases.Test_Login"/>
</testsuite> <!-- testcases.Test_Login -->
