<?xml version="1.0" encoding="UTF-8"?>
<!-- Generated by org.testng.reporters.JUnitReportReporter -->
<testsuite hostname="MNCTVN05589" name="testcases.Test_Integration_Login" tests="8" failures="0" timestamp="18 Jun 2020 09:35:35 GMT" time="703.326" errors="0">
  <testcase name="login_logout_from_account" time="85.335" classname="testcases.Test_Integration_Login"/>
  <testcase name="login_logout_from_history" time="91.966" classname="testcases.Test_Integration_Login"/>
  <testcase name="login_logout_from_mylist" time="83.433" classname="testcases.Test_Integration_Login"/>
  <testcase name="login_logout_from_" time="89.138" classname="testcases.Test_Integration_Login"/>
  <testcase name="login_logout_from_mylist" time="91.261" classname="testcases.Test_Integration_Login"/>
  <testcase name="login_logout_from_" time="87.519" classname="testcases.Test_Integration_Login"/>
  <testcase name="login_logout_from_account" time="81.423" classname="testcases.Test_Integration_Login"/>
  <testcase name="login_logout_from_history" time="93.251" classname="testcases.Test_Integration_Login"/>
</testsuite> <!-- testcases.Test_Integration_Login -->
