<?xml version="1.0" encoding="UTF-8"?>
<!-- Generated by org.testng.reporters.JUnitReportReporter -->
<testsuite hostname="MNCTVN05589" name="testcases.Test_Integration_Login" tests="8" failures="0" timestamp="19 Jun 2020 06:24:38 GMT" time="668.146" errors="0">
  <testcase name="login_logout_from_account" time="79.928" classname="testcases.Test_Integration_Login"/>
  <testcase name="login_logout_from_Continue_Watching" time="83.965" classname="testcases.Test_Integration_Login"/>
  <testcase name="login_logout_from_mylist" time="83.879" classname="testcases.Test_Integration_Login"/>
  <testcase name="login_logout_from_Continue_Watching" time="86.559" classname="testcases.Test_Integration_Login"/>
  <testcase name="login_logout_from_mylist" time="84.231" classname="testcases.Test_Integration_Login"/>
  <testcase name="login_logout_from_account" time="80.192" classname="testcases.Test_Integration_Login"/>
  <testcase name="login_logout_from_history" time="84.221" classname="testcases.Test_Integration_Login"/>
  <testcase name="login_logout_from_history" time="85.171" classname="testcases.Test_Integration_Login"/>
</testsuite> <!-- testcases.Test_Integration_Login -->
