<?xml version="1.0" encoding="UTF-8"?>
<!-- Generated by org.testng.reporters.JUnitReportReporter -->
<testsuite hostname="MNCTVN05589" name="testcases.Test_Login" tests="10" failures="0" timestamp="19 Jun 2020 05:22:22 GMT" time="385.618" errors="0">
  <testcase name="login_alert_username" time="27.552" classname="testcases.Test_Login"/>
  <testcase name="login_logout" time="74.271" classname="testcases.Test_Login"/>
  <testcase name="login_alert_username" time="26.238" classname="testcases.Test_Login"/>
  <testcase name="login_alert_password" time="28.727" classname="testcases.Test_Login"/>
  <testcase name="login_alert_popup" time="27.769" classname="testcases.Test_Login"/>
  <testcase name="login_alert_popup" time="27.653" classname="testcases.Test_Login"/>
  <testcase name="login_alert_password" time="25.643" classname="testcases.Test_Login"/>
  <testcase name="login_succes" time="37.944" classname="testcases.Test_Login"/>
  <testcase name="login_succes" time="38.940" classname="testcases.Test_Login"/>
  <testcase name="login_logout" time="70.881" classname="testcases.Test_Login"/>
</testsuite> <!-- testcases.Test_Login -->
