<?xml version="1.0" encoding="UTF-8"?>
<!-- Generated by org.testng.reporters.JUnitReportReporter -->
<testsuite hostname="MNCTVN05589" name="testcases.Test_List_Menu_Account" tests="10" failures="0" timestamp="19 Jun 2020 09:04:44 GMT" time="242.888" errors="0">
  <testcase name="menu_account_not_login_popup_login" time="28.193" classname="testcases.Test_List_Menu_Account"/>
  <testcase name="menu_account_not_login_button_download" time="27.267" classname="testcases.Test_List_Menu_Account"/>
  <testcase name="menu_account_not_login_button_menu_direct" time="22.010" classname="testcases.Test_List_Menu_Account"/>
  <testcase name="menu_account_not_login_button_login" time="32.089" classname="testcases.Test_List_Menu_Account"/>
  <testcase name="menu_account_not_login_popup_login" time="29.181" classname="testcases.Test_List_Menu_Account"/>
  <testcase name="menu_account_not_login_button_menu_direct" time="22.107" classname="testcases.Test_List_Menu_Account"/>
  <testcase name="menu_account_not_login_button_menu_direct" time="21.925" classname="testcases.Test_List_Menu_Account"/>
  <testcase name="menu_account_not_login_button_menu_direct" time="24.755" classname="testcases.Test_List_Menu_Account"/>
  <testcase name="menu_account_not_login_button_scan_qrcode" time="9.249" classname="testcases.Test_List_Menu_Account"/>
  <testcase name="menu_account_not_login_popup_login" time="26.112" classname="testcases.Test_List_Menu_Account"/>
</testsuite> <!-- testcases.Test_List_Menu_Account -->
