<?xml version="1.0" encoding="UTF-8"?>
<!-- Generated by org.testng.reporters.JUnitReportReporter -->
<testsuite hostname="MNCTVN05589" name="testcases.Test_Login" tests="10" failures="0" timestamp="19 Jun 2020 04:19:30 GMT" time="465.193" errors="0">
  <testcase name="login_alert_popup" time="34.760" classname="testcases.Test_Login"/>
  <testcase name="login_succes" time="42.677" classname="testcases.Test_Login"/>
  <testcase name="login_alert_password" time="36.373" classname="testcases.Test_Login"/>
  <testcase name="login_alert_password" time="36.043" classname="testcases.Test_Login"/>
  <testcase name="login_alert_popup" time="39.326" classname="testcases.Test_Login"/>
  <testcase name="login_succes" time="41.289" classname="testcases.Test_Login"/>
  <testcase name="login_logout" time="75.852" classname="testcases.Test_Login"/>
  <testcase name="login_alert_username" time="38.765" classname="testcases.Test_Login"/>
  <testcase name="login_alert_username" time="43.589" classname="testcases.Test_Login"/>
  <testcase name="login_logout" time="76.519" classname="testcases.Test_Login"/>
</testsuite> <!-- testcases.Test_Login -->
